[08/01/22 22:03:49] "如此圣诞" | /home/geek/Downloads/鹰眼第06集V2.mp4
[14/01/22 21:19:43] "旺达幻视第01集.mp4" | /home/geek/Downloads/旺达幻视第01集.mp4
[14/01/22 21:52:36] "旺达幻视第02集.mp4" | /home/geek/Downloads/旺达幻视第02集.mp4
[14/01/22 22:22:07] "旺达幻视第03集.mp4" | /home/geek/Downloads/旺达幻视第03集.mp4
[15/01/22 21:53:07] "旺达幻视第04集.mp4" | /home/geek/Downloads/旺达幻视第04集.mp4
[15/01/22 22:27:05] "旺达幻视第05集.mp4" | /home/geek/Downloads/旺达幻视第05集.mp4
[16/01/22 21:19:41] "旺达幻视第06集.mp4" | /home/geek/Downloads/旺达幻视第06集.mp4
[17/01/22 20:47:36] "旺达幻视第07集.mp4" | /home/geek/Downloads/旺达幻视第07集.mp4
[17/01/22 21:26:58] "旺达幻视第08集.mp4" | /home/geek/Downloads/旺达幻视第08集.mp4
[17/01/22 22:10:57] "旺达幻视第09集.mp4" | /home/geek/Downloads/旺达幻视第09集.mp4
[17/01/22 22:11:00] "机器管家.1080p.BD中英双字.mp4" | /home/geek/Downloads/机器管家.1080p.BD中英双字.mp4
[18/01/22 22:24:55] "毒液2-2021_蓝光中英双字.mp4" | /home/geek/Downloads/毒液2-2021_蓝光中英双字.mp4
[20/01/22 21:53:53] "黑鹰坠落BD国英双语双字[电影天堂www.dy2018.com].mkv" | /home/geek/Downloads/黑鹰坠落BD国英双语双字[电影天堂www.dy2018.com].mkv
[24/01/22 23:50:20] "黑客帝国：矩阵重启-2021_HD中英双字.mp4" | /home/geek/Downloads/黑客帝国：矩阵重启-2021_HD中英双字.mp4
[25/01/22 14:04:29] "手 機 的 秘 密 - 男 友 拍 情 趣 視 頻 沒 想 卻 成 爲 我 淪 爲 性 奴 把 柄 - 潘 甜 甜.mp4" | /home/geek/Downloads/切尔诺贝利/手 機 的 秘 密 - 男 友 拍 情 趣 視 頻 沒 想 卻 成 爲 我 淪 爲 性 奴 把 柄 - 潘 甜 甜.mp4
[25/01/22 14:11:49] "果冻传媒91CM-166七夕-潘甜甜.mp4" | /home/geek/Downloads/切尔诺贝利/果冻传媒91CM-166七夕-潘甜甜.mp4
[25/01/22 14:11:53] "非常甜美的美少女百合.mp4" | /home/geek/Downloads/切尔诺贝利/非常甜美的美少女百合.mp4
[25/01/22 14:12:16] "FC2PPV-1932561-1.mp4" | /home/geek/Downloads/切尔诺贝利/FC2PPV-1932561-1.mp4
[25/01/22 14:12:27] "FC2PPV-1932561-2.mp4" | /home/geek/Downloads/切尔诺贝利/FC2PPV-1932561-2.mp4
[25/01/22 14:44:59] "假如…？ 第一季第01集.mp4" | /home/geek/Downloads/假如…？ 第一季第01集.mp4
[25/01/22 15:17:13] "假如…？ 第一季第02集.mp4" | /home/geek/Downloads/假如…？ 第一季第02集.mp4
[25/01/22 15:47:37] "假如…？ 第一季第03集.mp4" | /home/geek/Downloads/假如…？ 第一季第03集.mp4
[25/01/22 16:22:16] "假如…？ 第一季第04集.mp4" | /home/geek/Downloads/假如…？ 第一季第04集.mp4
[25/01/22 16:52:14] "假如…？ 第一季第05集.mp4" | /home/geek/Downloads/假如…？ 第一季第05集.mp4
[25/01/22 17:28:32] "假如…？ 第一季第06集.mp4" | /home/geek/Downloads/假如…？ 第一季第06集.mp4
[25/01/22 18:01:23] "假如…？ 第一季第07集.mp4" | /home/geek/Downloads/假如…？ 第一季第07集.mp4
[25/01/22 18:29:47] "假如…？ 第一季第08集.mp4" | /home/geek/Downloads/假如…？ 第一季第08集.mp4
[25/01/22 21:42:24] "SSNI-931.mp4" | /home/geek/Downloads/切尔诺贝利/SSNI-931.mp4
[26/01/22 17:31:27] "永恒族-2021_BD中英双字.mp4" | /home/geek/Downloads/永恒族-2021_BD中英双字.mp4
[26/01/22 17:33:35] "hhd800.com@CAWD-261.mp4" | /home/geek/Downloads/切尔诺贝利/CAWD-261/hhd800.com@CAWD-261.mp4
[26/01/22 17:34:40] "jufe-323 (1).mp4" | /home/geek/Downloads/切尔诺贝利/jufe-323 (1).mp4
[26/01/22 17:35:46] "Mai Araki" | /home/geek/Downloads/切尔诺贝利/n0897_mai_araki_bc_n.mp4
[26/01/22 17:36:24] "IPX 582.mp4" | /home/geek/Downloads/切尔诺贝利/IPX 582.mp4
[26/01/22 17:36:44] "hhd800.com@MIDE-983.mp4" | /home/geek/Downloads/切尔诺贝利/MIDE-983/hhd800.com@MIDE-983.mp4
[26/01/22 17:37:39] "heyzo_lt_0894_full.mp4" | /home/geek/Downloads/切尔诺贝利/HEYZO-0894-FHD/heyzo_lt_0894_full.mp4
[26/01/22 17:37:50] "幼妻浮気白書～解き放された肉欲～" | /home/geek/Downloads/切尔诺贝利/HEYZO-0894-FHD/heyzo_hd_0894_full.mp4
[26/01/22 17:37:55] "heyzo_hd_0894.mp4" | /home/geek/Downloads/切尔诺贝利/HEYZO-0894-FHD/heyzo_hd_0894.mp4
[26/01/22 17:38:31] "幼妻浮気白書～解き放された肉欲～" | /home/geek/Downloads/切尔诺贝利/Heyzo-0894-HD/heyzo_hd_0894_full.mp4
[26/01/22 17:38:58] "Mai Araki" | /home/geek/Downloads/切尔诺贝利/Tokyo-Hot n0897-HD/n0897_mai_araki_bc_n.mp4
[26/01/22 17:39:51] "BBAN-204~kan224.com.mp4" | /home/geek/Downloads/切尔诺贝利/BBAN-204~kan224.com.mp4
[26/01/22 17:41:52] "062715_105-1pon-720p.mp4" | /home/geek/Downloads/切尔诺贝利/1pondo-062715_105-FHD/062715_105-1pon-720p.mp4
[26/01/22 17:41:55] "062715_105.mp4" | /home/geek/Downloads/切尔诺贝利/1pondo-062715_105-FHD/062715_105.mp4
[26/01/22 17:43:26] "bbs2048.org@JUFE-323.mp4" | /home/geek/Downloads/切尔诺贝利/JUFE-323/bbs2048.org@JUFE-323.mp4
[26/01/22 17:43:34] "hhd800.com@JUFE-323.mp4" | /home/geek/Downloads/切尔诺贝利/JUFE-323/hhd800.com@JUFE-323.mp4
[26/01/22 17:55:30] "062715_105-1pon-1080p.mp4" | /home/geek/Downloads/切尔诺贝利/1pondo-062715_105-FHD/062715_105-1pon-1080p.mp4
[26/01/22 17:56:24] "RHJ-381.mpg" | /home/geek/Downloads/切尔诺贝利/RHJ-381.mpg
[26/01/22 20:46:41] "SSNI-495.mp4" | /home/geek/Downloads/切尔诺贝利/SSNI-495.mp4
[26/01/22 21:08:46] "MIDE-848.mp4" | /home/geek/Downloads/切尔诺贝利/MIDE-848.mp4
[26/01/22 21:09:39] "Mai Araki" | /home/geek/Downloads/切尔诺贝利/Tokyo Hot n0897 – New Life Experience – Mai Araki.mp4
[26/01/22 22:05:13] "MIDE-983.mp4" | /home/geek/Downloads/切尔诺贝利/MIDE-983.mp4
[26/01/22 22:05:17] "MIDV-036.mp4" | /home/geek/Downloads/切尔诺贝利/MIDV-036.mp4
[26/01/22 22:05:20] "mide-775.mp4" | /home/geek/Downloads/切尔诺贝利/mide-775.mp4
[26/01/22 22:05:23] "miaa-525.mp4" | /home/geek/Downloads/切尔诺贝利/miaa-525.mp4
[26/01/22 22:05:26] "jufe-323.mp4" | /home/geek/Downloads/切尔诺贝利/jufe-323.mp4
[26/01/22 22:11:49] "CAWD-261.mp4" | /home/geek/Downloads/切尔诺贝利/CAWD-261.mp4
[26/01/22 22:12:06] "灯草和尚.陈宝莲.电影烧包出品" | /home/geek/Downloads/切尔诺贝利/Erotic.Ghost.Story.mkv
[27/01/22 12:29:06] "惊天营救-2020_BD中字.mp4" | /home/geek/Downloads/惊天营救-2020_BD中字.mp4
[27/01/22 14:48:29] "不要抬头-2021_BD英语中字.mp4" | /home/geek/Downloads/不要抬头-2021_BD英语中字.mp4
[27/01/22 16:41:30] "误杀-2019_蓝光国语中字.mp4" | /home/geek/Downloads/误杀-2019_蓝光国语中字.mp4
[27/01/22 20:50:13] "信条-2020_蓝光特效中英双字.mp4" | /home/geek/Downloads/信条-2020_蓝光特效中英双字.mp4
[27/01/22 20:50:23] "假如…？ 第一季第09集.mp4" | /home/geek/Downloads/假如…？ 第一季第09集.mp4
[27/01/22 20:50:43] "入殓师-2008_BD国日双语中字.mp4" | /home/geek/Downloads/入殓师-2008_BD国日双语中字.mp4
[27/01/22 23:08:24] "Sicario.2015.720p.BluRay.x264-SPARKS-RMDX" | /home/geek/Downloads/边境杀手-2015_BD中英双字.mp4
[28/01/22 12:29:20] "黑袍纠察队 第二季第01集.mp4" | /home/geek/Downloads/黑袍纠察队 第二季第01集.mp4
[28/01/22 12:54:34] "黑袍纠察队 第二季第02集.mp4" | /home/geek/Downloads/黑袍纠察队 第二季第02集.mp4
[28/01/22 13:04:18] "黑袍纠察队 第二季第03集.mp4" | /home/geek/Downloads/黑袍纠察队 第二季第03集.mp4
[28/01/22 13:08:44] "黑袍纠察队 第二季第04集.mp4" | /home/geek/Downloads/黑袍纠察队 第二季第04集.mp4
[28/01/22 13:09:00] "黑袍纠察队 第二季第05集.mp4" | /home/geek/Downloads/黑袍纠察队 第二季第05集.mp4
[28/01/22 13:09:35] "BBAN204.mp4" | /home/geek/Downloads/BBAN204.mp4
[28/01/22 13:09:43] "BBAN-204.mp4" | /home/geek/Downloads/BBAN-204.mp4
[28/01/22 13:09:49] "BBAN-204~kan224.com.mp4" | /home/geek/Downloads/BBAN-204~kan224.com.mp4
[28/01/22 13:10:45] "HD-bban-204.mp4" | /home/geek/Downloads/HD-bban-204/HD-bban-204.mp4
[28/01/22 13:11:04] "bban204.mp4" | /home/geek/Downloads/切尔诺贝利/bban204.mp4
[02/04/22 18:14:06] "入殓师-2008_BD国日双语中字.mp4" | /home/geek/Videos/入殓师-2008_BD国日双语中字.mp4
[02/04/22 18:43:48] "FC2-PPV-1131537.mp4" | /home/geek/Videos/艺术/FC2-PPV-1131537.mp4
[02/04/22 18:44:18] "FC2-PPV-1186761.mp4" | /home/geek/Videos/艺术/FC2-PPV-1186761.mp4
[02/04/22 18:45:09] "102816_005-caribpr-1080p.mp4" | /home/geek/Videos/艺术/102816_005-caribpr-1080p.mp4
[02/04/22 19:30:15] "HD-bban-204.mp4" | /home/geek/Videos/艺术/HD-bban-204.mp4
[02/04/22 19:30:19] "IPX 582.mp4" | /home/geek/Videos/艺术/IPX 582.mp4
[02/04/22 19:30:23] "mide-775.mp4" | /home/geek/Videos/艺术/mide-775.mp4
